2022-07-11 08:49:30:INFO:

 - 
2022-07-11 08:49:30:INFO:Updating ETRS... - 
2022-07-11 09:14:41:INFO:

 - 
2022-07-11 09:14:41:INFO:Updating ETRS... - 
2022-07-11 09:15:50:INFO:

 - 
2022-07-11 09:15:50:INFO:Updating ETRS... - 
2022-07-11 09:15:50:INFO:Retrieving values from Google Sheets - 
2022-07-11 09:15:50:INFO:Connecting to Google Sheets... - 
2022-07-11 10:09:11:INFO:

 - 
2022-07-11 10:09:11:INFO:Updating ETRS... - 
2022-07-11 10:09:11:INFO:Retrieving values from Google Sheets - 
2022-07-11 10:09:11:INFO:Connecting to Google Sheets... - 
2022-07-11 10:11:02:INFO:

 - 
2022-07-11 10:11:02:INFO:Updating ETRS... - 
2022-07-11 10:11:02:INFO:Retrieving values from Google Sheets - 
2022-07-11 10:11:02:INFO:Connecting to Google Sheets... - 
2022-07-11 11:14:15:INFO:

 - 
2022-07-11 11:14:15:INFO:Updating ETRS... - 
2022-07-11 11:14:15:INFO:Retrieving values from Google Sheets - 
2022-07-11 11:14:15:INFO:Connecting to Google Sheets... - 
2022-07-11 11:17:17:INFO:

 - 
2022-07-11 11:17:17:INFO:Updating ETRS... - 
2022-07-11 11:17:17:INFO:Retrieving values from Google Sheets - 
2022-07-11 11:17:17:INFO:Connecting to Google Sheets... - 
2022-07-11 11:17:18:INFO:Connected - 
2022-07-11 11:17:19:INFO:Writing values to CSV at S:\PDM Files\P1 - Mustang\\\ETRS\DataFiles\\Finance 2022-07-11.csv - 
2022-07-11 11:17:20:INFO:Loading ETRS Workbook S:\PDM Files\P1 - Mustang\\\ETRS\ETRS Master\ETRS v7 Master.xlsx - 
2022-07-11 11:18:24:CRITICAL:Source files not found! - 
2022-07-11 11:18:24:INFO:Loading  Purchasing Lead Times from source - 
2022-07-11 11:18:24:INFO:CSV found, reading csv - 
2022-07-11 11:18:25:INFO:Writing Purchasing Lead Times to ETRS - 
2022-07-11 11:18:27:CRITICAL:Source files not found! - 
2022-07-11 11:18:27:CRITICAL:Source files not found! - 
2022-07-11 11:18:27:INFO:Saving Master... - 
2022-07-11 11:19:01:INFO:Master Saved! - 
2022-07-11 11:19:14:INFO:Update Successful - 
2022-07-11 11:21:36:INFO:

 - 
2022-07-11 11:21:36:INFO:Updating ETRS... - 
2022-07-11 11:21:36:INFO:Retrieving values from Google Sheets - 
2022-07-11 11:21:36:INFO:Connecting to Google Sheets... - 
2022-07-11 11:21:37:INFO:Connected - 
2022-07-11 11:21:38:INFO:Writing values to CSV at S:\PDM Files\P1 - Mustang\\\ETRS\DataFiles\\Finance 2022-07-11.csv - 
2022-07-11 11:21:39:INFO:Loading ETRS Workbook S:\PDM Files\P1 - Mustang\\\ETRS\ETRS Master\ETRS v7 Master.xlsx - 
2022-07-11 11:22:13:CRITICAL:Source files for t not found! - 
2022-07-11 11:22:13:INFO:Loading  Purchasing Lead Times from source - 
2022-07-11 11:22:13:INFO:CSV found, reading csv - 
2022-07-11 11:22:13:INFO:Writing Purchasing Lead Times to ETRS - 
2022-07-11 11:22:15:CRITICAL:Source files for y not found! - 
2022-07-11 11:22:15:CRITICAL:Source files for m not found! - 
2022-07-11 11:22:15:INFO:Saving Master... - 
2022-07-11 11:22:36:INFO:Master Saved! - 
2022-07-11 11:22:53:INFO:Update Successful - 
2022-07-11 11:22:58:INFO:

 - 
2022-07-11 11:22:58:INFO:Updating ETRS... - 
2022-07-11 11:22:58:INFO:Retrieving values from Google Sheets - 
2022-07-11 11:22:58:INFO:Connecting to Google Sheets... - 
2022-07-11 11:22:59:INFO:Connected - 
2022-07-11 11:23:00:INFO:Writing values to CSV at S:\PDM Files\P1 - Mustang\\\ETRS\DataFiles\\Finance 2022-07-11.csv - 
2022-07-11 11:23:01:INFO:Loading ETRS Workbook S:\PDM Files\P1 - Mustang\\\ETRS\ETRS Master\ETRS v7 Master.xlsx - 
2022-07-11 11:23:25:CRITICAL:Source files for today_bom_export not found! - 
2022-07-11 11:23:25:INFO:Loading  Purchasing Lead Times from source - 
2022-07-11 11:23:25:INFO:CSV found, reading csv - 
2022-07-11 11:23:26:INFO:Writing Purchasing Lead Times to ETRS - 
2022-07-11 11:23:27:CRITICAL:Source files for yesterday_bom_export not found! - 
2022-07-11 11:23:27:CRITICAL:Source files for monday_bom_export not found! - 
2022-07-11 11:23:27:INFO:Saving Master... - 
2022-07-11 11:23:45:INFO:Master Saved! - 
2022-07-11 11:23:58:INFO:Update Successful - 
2022-07-11 11:31:28:INFO:

 - 
2022-07-11 11:31:28:INFO:Updating ETRS... - 
2022-07-11 11:31:28:INFO:Retrieving values from Google Sheets - 
2022-07-11 11:31:28:INFO:Connecting to Google Sheets... - 
2022-07-11 11:31:29:INFO:Connected - 
2022-07-11 11:31:30:INFO:Writing values to CSV at S:\PDM Files\P1 - Mustang\\\ETRS\DataFiles\\Finance 2022-07-11.csv - 
2022-07-11 11:31:31:INFO:Loading ETRS Workbook S:\PDM Files\P1 - Mustang\\\ETRS\ETRS Master\ETRS v7 Master.xlsx - 
2022-07-11 11:32:14:INFO:Loading  BOM Export from source - 
2022-07-11 11:32:14:INFO:BOM Export found, reading excel - 
2022-07-11 11:32:16:INFO:Writing BOM Export to ETRS - 
2022-07-11 11:32:17:INFO:Loading  Purchasing Lead Times from source - 
2022-07-11 11:32:17:INFO:CSV found, reading csv - 
2022-07-11 11:32:17:INFO:Writing Purchasing Lead Times to ETRS - 
2022-07-11 11:32:19:CRITICAL:Source files for yesterday_bom_export not found! - 
2022-07-11 11:32:19:INFO:Loading  Monday's BOM Export from source - 
2022-07-11 11:32:19:INFO:BOM Export found, reading excel - 
2022-07-11 11:32:19:INFO:Writing Monday's BOM Export to ETRS - 
2022-07-11 11:32:21:INFO:Saving Master... - 
2022-07-11 11:32:40:INFO:Master Saved! - 
2022-07-11 11:32:53:INFO:Update Successful - 
